TOML ERROR: Конфиг - говно. Ошибка: TOML parse error at line 15, column 18
   |
15 | search_box_x = 10,
   |                  ^
unexpected key or value, expected newline, `#`

Проверь, все ли поля из UiConfig есть в [ui]![20:07:35] System: Init Audio Engine...
[20:07:35] METADATA_JSON:{"main_artists":["Hans Zimmer"],"feat_artists":[],"title":"He's a Pirate","album":"Pirates of the Caribbean: The Curse of the Black Pearl (Original Motion Picture Soundtrack)","year":"2003","genre":"Soundtrack","comment":"---"}
[20:08:25] System: Init Audio Engine...
[20:08:25] METADATA_JSON:{"main_artists":["Hans Zimmer"],"feat_artists":[],"title":"He's a Pirate","album":"Pirates of the Caribbean: The Curse of the Black Pearl (Original Motion Picture Soundtrack)","year":"2003","genre":"Soundtrack","comment":"---"}
[20:08:35] System: Init Audio Engine...
[20:08:35] METADATA_JSON:{"main_artists":["Hans Zimmer"],"feat_artists":[],"title":"He's a Pirate","album":"Pirates of the Caribbean: The Curse of the Black Pearl (Original Motion Picture Soundtrack)","year":"2003","genre":"Soundtrack","comment":"---"}
[20:09:07] System: Init Audio Engine...
[20:09:07] METADATA_JSON:{"main_artists":["Hans Zimmer"],"feat_artists":[],"title":"He's a Pirate","album":"Pirates of the Caribbean: The Curse of the Black Pearl (Original Motion Picture Soundtrack)","year":"2003","genre":"Soundtrack","comment":"---"}
[20:09:15] System: Init Audio Engine...
[20:09:15] METADATA_JSON:{"main_artists":["Hans Zimmer"],"feat_artists":[],"title":"He's a Pirate","album":"Pirates of the Caribbean: The Curse of the Black Pearl (Original Motion Picture Soundtrack)","year":"2003","genre":"Soundtrack","comment":"---"}
[20:09:30] System: Init Audio Engine...
[20:09:30] METADATA_JSON:{"main_artists":["Hans Zimmer"],"feat_artists":[],"title":"He's a Pirate","album":"Pirates of the Caribbean: The Curse of the Black Pearl (Original Motion Picture Soundtrack)","year":"2003","genre":"Soundtrack","comment":"---"}
[20:09:39] System: Init Audio Engine...
[20:09:39] METADATA_JSON:{"main_artists":["Hans Zimmer"],"feat_artists":[],"title":"He's a Pirate","album":"Pirates of the Caribbean: The Curse of the Black Pearl (Original Motion Picture Soundtrack)","year":"2003","genre":"Soundtrack","comment":"---"}
[20:09:50] System: Init Audio Engine...
[20:09:51] METADATA_JSON:{"main_artists":["Hans Zimmer"],"feat_artists":[],"title":"He's a Pirate","album":"Pirates of the Caribbean: The Curse of the Black Pearl (Original Motion Picture Soundtrack)","year":"2003","genre":"Soundtrack","comment":"---"}
[20:10:00] System: Init Audio Engine...
[20:10:00] METADATA_JSON:{"main_artists":["Hans Zimmer"],"feat_artists":[],"title":"He's a Pirate","album":"Pirates of the Caribbean: The Curse of the Black Pearl (Original Motion Picture Soundtrack)","year":"2003","genre":"Soundtrack","comment":"---"}
[20:10:26] System: Init Audio Engine...
[20:10:26] METADATA_JSON:{"main_artists":["Hans Zimmer"],"feat_artists":[],"title":"He's a Pirate","album":"Pirates of the Caribbean: The Curse of the Black Pearl (Original Motion Picture Soundtrack)","year":"2003","genre":"Soundtrack","comment":"---"}
[20:10:58] System: Init Audio Engine...
[20:10:58] METADATA_JSON:{"main_artists":["Hans Zimmer"],"feat_artists":[],"title":"He's a Pirate","album":"Pirates of the Caribbean: The Curse of the Black Pearl (Original Motion Picture Soundtrack)","year":"2003","genre":"Soundtrack","comment":"---"}
[20:12:15] System: Init Audio Engine...
[20:12:15] METADATA_JSON:{"main_artists":["Hans Zimmer"],"feat_artists":[],"title":"He's a Pirate","album":"Pirates of the Caribbean: The Curse of the Black Pearl (Original Motion Picture Soundtrack)","year":"2003","genre":"Soundtrack","comment":"---"}
[20:12:33] System: Init Audio Engine...
[20:12:33] METADATA_JSON:{"main_artists":["Hans Zimmer"],"feat_artists":[],"title":"He's a Pirate","album":"Pirates of the Caribbean: The Curse of the Black Pearl (Original Motion Picture Soundtrack)","year":"2003","genre":"Soundtrack","comment":"---"}
[20:13:07] System: Init Audio Engine...
[20:13:07] METADATA_JSON:{"main_artists":["Hans Zimmer"],"feat_artists":[],"title":"He's a Pirate","album":"Pirates of the Caribbean: The Curse of the Black Pearl (Original Motion Picture Soundtrack)","year":"2003","genre":"Soundtrack","comment":"---"}
[20:13:32] System: Init Audio Engine...
[20:13:32] METADATA_JSON:{"main_artists":["Hans Zimmer"],"feat_artists":[],"title":"He's a Pirate","album":"Pirates of the Caribbean: The Curse of the Black Pearl (Original Motion Picture Soundtrack)","year":"2003","genre":"Soundtrack","comment":"---"}
[20:14:20] System: Init Audio Engine...
[20:14:20] METADATA_JSON:{"main_artists":["Hans Zimmer"],"feat_artists":[],"title":"He's a Pirate","album":"Pirates of the Caribbean: The Curse of the Black Pearl (Original Motion Picture Soundtrack)","year":"2003","genre":"Soundtrack","comment":"---"}
[20:15:46] System: Init Audio Engine...
[20:15:46] METADATA_JSON:{"main_artists":["Hans Zimmer"],"feat_artists":[],"title":"He's a Pirate","album":"Pirates of the Caribbean: The Curse of the Black Pearl (Original Motion Picture Soundtrack)","year":"2003","genre":"Soundtrack","comment":"---"}
[20:16:02] System: Init Audio Engine...
[20:16:02] METADATA_JSON:{"main_artists":["Hans Zimmer"],"feat_artists":[],"title":"He's a Pirate","album":"Pirates of the Caribbean: The Curse of the Black Pearl (Original Motion Picture Soundtrack)","year":"2003","genre":"Soundtrack","comment":"---"}
[20:16:29] System: Init Audio Engine...
[20:16:29] METADATA_JSON:{"main_artists":["Hans Zimmer"],"feat_artists":[],"title":"He's a Pirate","album":"Pirates of the Caribbean: The Curse of the Black Pearl (Original Motion Picture Soundtrack)","year":"2003","genre":"Soundtrack","comment":"---"}
[20:28:21] System: Init Audio Engine...
[20:28:21] METADATA_JSON:{"main_artists":["Hans Zimmer"],"feat_artists":[],"title":"He's a Pirate","album":"Pirates of the Caribbean: The Curse of the Black Pearl (Original Motion Picture Soundtrack)","year":"2003","genre":"Soundtrack","comment":"---"}
[20:28:55] System: Init Audio Engine...
[20:28:55] METADATA_JSON:{"main_artists":["Hans Zimmer"],"feat_artists":[],"title":"He's a Pirate","album":"Pirates of the Caribbean: The Curse of the Black Pearl (Original Motion Picture Soundtrack)","year":"2003","genre":"Soundtrack","comment":"---"}
[20:29:22] System: Init Audio Engine...
[20:29:22] METADATA_JSON:{"main_artists":["Hans Zimmer"],"feat_artists":[],"title":"He's a Pirate","album":"Pirates of the Caribbean: The Curse of the Black Pearl (Original Motion Picture Soundtrack)","year":"2003","genre":"Soundtrack","comment":"---"}
[20:31:32] System: Init Audio Engine...
[20:31:32] METADATA_JSON:{"main_artists":["Hans Zimmer"],"feat_artists":[],"title":"He's a Pirate","album":"Pirates of the Caribbean: The Curse of the Black Pearl (Original Motion Picture Soundtrack)","year":"2003","genre":"Soundtrack","comment":"---"}
[20:31:47] System: Init Audio Engine...
[20:31:47] METADATA_JSON:{"main_artists":["Hans Zimmer"],"feat_artists":[],"title":"He's a Pirate","album":"Pirates of the Caribbean: The Curse of the Black Pearl (Original Motion Picture Soundtrack)","year":"2003","genre":"Soundtrack","comment":"---"}
[20:32:05] System: Init Audio Engine...
[20:32:05] METADATA_JSON:{"main_artists":["Hans Zimmer"],"feat_artists":[],"title":"He's a Pirate","album":"Pirates of the Caribbean: The Curse of the Black Pearl (Original Motion Picture Soundtrack)","year":"2003","genre":"Soundtrack","comment":"---"}
[20:32:46] System: Init Audio Engine...
[20:32:46] METADATA_JSON:{"main_artists":["Hans Zimmer"],"feat_artists":[],"title":"He's a Pirate","album":"Pirates of the Caribbean: The Curse of the Black Pearl (Original Motion Picture Soundtrack)","year":"2003","genre":"Soundtrack","comment":"---"}
[20:32:56] System: Init Audio Engine...
[20:32:56] METADATA_JSON:{"main_artists":["Hans Zimmer"],"feat_artists":[],"title":"He's a Pirate","album":"Pirates of the Caribbean: The Curse of the Black Pearl (Original Motion Picture Soundtrack)","year":"2003","genre":"Soundtrack","comment":"---"}
[20:33:02] System: Init Audio Engine...
[20:33:02] METADATA_JSON:{"main_artists":["Hans Zimmer"],"feat_artists":[],"title":"He's a Pirate","album":"Pirates of the Caribbean: The Curse of the Black Pearl (Original Motion Picture Soundtrack)","year":"2003","genre":"Soundtrack","comment":"---"}
[20:33:08] System: Init Audio Engine...
[20:33:08] METADATA_JSON:{"main_artists":["Hans Zimmer"],"feat_artists":[],"title":"He's a Pirate","album":"Pirates of the Caribbean: The Curse of the Black Pearl (Original Motion Picture Soundtrack)","year":"2003","genre":"Soundtrack","comment":"---"}
[20:33:14] System: Init Audio Engine...
[20:33:14] METADATA_JSON:{"main_artists":["Hans Zimmer"],"feat_artists":[],"title":"He's a Pirate","album":"Pirates of the Caribbean: The Curse of the Black Pearl (Original Motion Picture Soundtrack)","year":"2003","genre":"Soundtrack","comment":"---"}
[20:41:24] System: Init Audio Engine...
[20:41:24] METADATA_JSON:{"main_artists":["Hans Zimmer"],"feat_artists":[],"title":"He's a Pirate","album":"Pirates of the Caribbean: The Curse of the Black Pearl (Original Motion Picture Soundtrack)","year":"2003","genre":"Soundtrack","comment":"---"}
[20:43:31] System: Init Audio Engine...
[20:43:31] METADATA_JSON:{"main_artists":["Hans Zimmer"],"feat_artists":[],"title":"He's a Pirate","album":"Pirates of the Caribbean: The Curse of the Black Pearl (Original Motion Picture Soundtrack)","year":"2003","genre":"Soundtrack","comment":"---"}
[20:43:39] System: Init Audio Engine...
[20:43:39] METADATA_JSON:{"main_artists":["Hans Zimmer"],"feat_artists":[],"title":"He's a Pirate","album":"Pirates of the Caribbean: The Curse of the Black Pearl (Original Motion Picture Soundtrack)","year":"2003","genre":"Soundtrack","comment":"---"}
[20:43:45] System: Init Audio Engine...
[20:43:45] METADATA_JSON:{"main_artists":["Hans Zimmer"],"feat_artists":[],"title":"He's a Pirate","album":"Pirates of the Caribbean: The Curse of the Black Pearl (Original Motion Picture Soundtrack)","year":"2003","genre":"Soundtrack","comment":"---"}
[20:43:52] System: Init Audio Engine...
[20:43:52] METADATA_JSON:{"main_artists":["Hans Zimmer"],"feat_artists":[],"title":"He's a Pirate","album":"Pirates of the Caribbean: The Curse of the Black Pearl (Original Motion Picture Soundtrack)","year":"2003","genre":"Soundtrack","comment":"---"}
[20:44:10] System: Init Audio Engine...
[20:44:10] METADATA_JSON:{"main_artists":["Hans Zimmer"],"feat_artists":[],"title":"He's a Pirate","album":"Pirates of the Caribbean: The Curse of the Black Pearl (Original Motion Picture Soundtrack)","year":"2003","genre":"Soundtrack","comment":"---"}
[20:45:13] System: Init Audio Engine...
[20:45:13] METADATA_JSON:{"main_artists":["Hans Zimmer"],"feat_artists":[],"title":"He's a Pirate","album":"Pirates of the Caribbean: The Curse of the Black Pearl (Original Motion Picture Soundtrack)","year":"2003","genre":"Soundtrack","comment":"---"}
[20:45:19] System: Init Audio Engine...
[20:45:19] METADATA_JSON:{"main_artists":["Hans Zimmer"],"feat_artists":[],"title":"He's a Pirate","album":"Pirates of the Caribbean: The Curse of the Black Pearl (Original Motion Picture Soundtrack)","year":"2003","genre":"Soundtrack","comment":"---"}
[20:50:31] System: Init Audio Engine...
[20:50:31] METADATA_JSON:{"main_artists":["Hans Zimmer"],"feat_artists":[],"title":"He's a Pirate","album":"Pirates of the Caribbean: The Curse of the Black Pearl (Original Motion Picture Soundtrack)","year":"2003","genre":"Soundtrack","comment":"---"}
[20:50:47] System: Init Audio Engine...
[20:50:47] METADATA_JSON:{"main_artists":["Hans Zimmer"],"feat_artists":[],"title":"He's a Pirate","album":"Pirates of the Caribbean: The Curse of the Black Pearl (Original Motion Picture Soundtrack)","year":"2003","genre":"Soundtrack","comment":"---"}
[20:50:57] System: Init Audio Engine...
[20:50:57] METADATA_JSON:{"main_artists":["Hans Zimmer"],"feat_artists":[],"title":"He's a Pirate","album":"Pirates of the Caribbean: The Curse of the Black Pearl (Original Motion Picture Soundtrack)","year":"2003","genre":"Soundtrack","comment":"---"}
[20:52:01] System: Init Audio Engine...
[20:52:01] METADATA_JSON:{"main_artists":["Hans Zimmer"],"feat_artists":[],"title":"He's a Pirate","album":"Pirates of the Caribbean: The Curse of the Black Pearl (Original Motion Picture Soundtrack)","year":"2003","genre":"Soundtrack","comment":"---"}
[20:54:04] System: Init Audio Engine...
[20:54:04] METADATA_JSON:{"main_artists":["Hans Zimmer"],"feat_artists":[],"title":"He's a Pirate","album":"Pirates of the Caribbean: The Curse of the Black Pearl (Original Motion Picture Soundtrack)","year":"2003","genre":"Soundtrack","comment":"---"}
[20:54:16] System: Init Audio Engine...
[20:54:16] METADATA_JSON:{"main_artists":["Hans Zimmer"],"feat_artists":[],"title":"He's a Pirate","album":"Pirates of the Caribbean: The Curse of the Black Pearl (Original Motion Picture Soundtrack)","year":"2003","genre":"Soundtrack","comment":"---"}
